<?xml version="1.0" encoding="UTF-8"?>
<testsuite xmlns:xsi="http://www.w3.org/2001/XMLSchema-instance" xsi:noNamespaceSchemaLocation="https://maven.apache.org/surefire/maven-surefire-plugin/xsd/surefire-test-report.xsd" name="Scenario: I am able to add connections" time="0.272" tests="6" errors="2" skipped="0" failures="0">
  <properties>
[...]
</properties>
  <testcase name="When I enter &apos;yurakty@gmail.com&apos; in email field and I enter &apos;Yjfjjhds676)&apos; in password field" classname="Scenario: I am able to add connections" time="0.003"/>
  <testcase name="When I enter &apos;yurakty@gmail.com&apos; in email field and I enter &apos;Yjfjjhds676)&apos; in password field" classname="Scenario: I am able to add connections" time="0.003"/>
  <testcase name="When I search for &apos;Google&apos; on the homepage" classname="Scenario: I am able to add connections" time="0"/>
  <testcase name="When I search for &apos;Google&apos; on the homepage" classname="Scenario: I am able to add connections" time="0"/>
  <testcase name="And I click on &apos;People&apos; option right under profile" classname="Scenario: I am able to add connections" time="0"/>
  <testcase name="And I click on &apos;People&apos; option right under profile" classname="Scenario: I am able to add connections" time="0"/>
  <testcase name="And I search employees by title &apos;qa engineer&apos;" classname="Scenario: I am able to add connections" time="0"/>
  <testcase name="And I search employees by title &apos;qa engineer&apos;" classname="Scenario: I am able to add connections" time="0"/>
  <testcase name="And I scroll down and connect all people" classname="Scenario: I am able to add connections" time="0.017">
    <error message="disconnected: not connected to DevTools&#10;  (Session info: chrome=92.0.4515.159)&#10;Build info: version: &apos;3.141.59&apos;, revision: &apos;e82be7d358&apos;, time: &apos;2018-11-14T08:17:03&apos;&#10;System info: host: &apos;DESKTOP-4E8CCDF&apos;, ip: &apos;192.168.86.44&apos;, os.name: &apos;Windows 10&apos;, os.arch: &apos;amd64&apos;, os.version: &apos;10.0&apos;, java.version: &apos;11.0.2&apos;&#10;Driver info: org.openqa.selenium.chrome.ChromeDriver&#10;Capabilities {acceptInsecureCerts: false, browserName: chrome, browserVersion: 92.0.4515.159, chrome: {chromedriverVersion: 92.0.4515.107 (87a818b10553..., userDataDir: C:\Users\Yury\AppData\Local...}, goog:chromeOptions: {debuggerAddress: localhost:53511}, javascriptEnabled: true, networkConnectionEnabled: false, pageLoadStrategy: normal, platform: WINDOWS, platformName: WINDOWS, proxy: Proxy(), setWindowRect: true, strictFileInteractability: false, timeouts: {implicit: 0, pageLoad: 300000, script: 30000}, unhandledPromptBehavior: dismiss and notify, webauthn:extension:credBlob: true, webauthn:extension:largeBlob: true, webauthn:virtualAuthenticators: true}&#10;Session ID: 753bd3070d4f123750457ed73db2ad61"